[0.014s] Invoking command in '/home/mantus/kol_bot/ros2_orb_slam/ros2_orb_slam/build/ros2_orb_slam': CMAKE_PREFIX_PATH=/opt/ros/foxy:${CMAKE_PREFIX_PATH} /home/mantus/.local/bin/cmake --build /home/mantus/kol_bot/ros2_orb_slam/ros2_orb_slam/build/ros2_orb_slam -- -j16 -l16
[0.060s] -- Found ament_cmake: 0.9.11 (/opt/ros/foxy/share/ament_cmake/cmake)
[0.080s] -- Using PYTHON_EXECUTABLE: /usr/bin/python3
[0.260s] -- Override CMake install command with custom implementation using symlinks instead of copying resources
[0.281s] -- Found rclcpp: 2.4.2 (/opt/ros/foxy/share/rclcpp/cmake)
[0.310s] -- Using all available rosidl_typesupport_c: rosidl_typesupport_fastrtps_c;rosidl_typesupport_introspection_c
[0.314s] -- Found rosidl_adapter: 1.3.0 (/opt/ros/foxy/share/rosidl_adapter/cmake)
[0.409s] -- Using all available rosidl_typesupport_cpp: rosidl_typesupport_fastrtps_cpp;rosidl_typesupport_introspection_cpp
[0.449s] -- Found rmw_implementation_cmake: 1.0.3 (/opt/ros/foxy/share/rmw_implementation_cmake/cmake)
[0.450s] -- Using RMW implementation 'rmw_fastrtps_cpp' as default
[0.558s] -- Found sensor_msgs: 2.0.5 (/opt/ros/foxy/share/sensor_msgs/cmake)
[0.638s] -- Found cv_bridge: 3.0.7 (/opt/ros/foxy/share/cv_bridge/cmake)
[0.648s] -- Found message_filters: 3.2.5 (/opt/ros/foxy/share/message_filters/cmake)
[0.650s] -- Found tf2_ros: 0.13.13 (/opt/ros/foxy/share/tf2_ros/cmake)
[0.893s] -- Found image_transport: 2.4.0 (/opt/ros/foxy/share/image_transport/cmake)
[0.951s] -- Found ament_lint_auto: 0.9.7 (/opt/ros/foxy/share/ament_lint_auto/cmake)
[1.009s] -- Added test 'copyright' to check source files copyright and LICENSE
[1.221s] -- Added test 'cppcheck' to perform static code analysis on C / C++ code
[1.221s] -- Configured cppcheck include dirs: /home/mantus/kol_bot/ros2_orb_slam/ros2_orb_slam/Eigen;/home/mantus/kol_bot/ros2_orb_slam/ros2_orb_slam/ORB_SLAM3;/home/mantus/kol_bot/ros2_orb_slam/ros2_orb_slam/ORB_SLAM3/include;/home/mantus/kol_bot/ros2_orb_slam/ros2_orb_slam/ORB_SLAM3/include/CameraModels;/home/mantus/kol_bot/ros2_orb_slam/ros2_orb_slam/ORB_SLAM3/Thirdparty/Sophus
[1.221s] -- Configured cppcheck exclude dirs and/or files: 
[1.329s] -- Added test 'cpplint' to check C / C++ code against the Google style
[1.329s] -- Configured cpplint exclude dirs and/or files: 
[1.343s] -- Added test 'flake8' to check Python code syntax and style conventions
[1.369s] -- Added test 'lint_cmake' to check CMake code style
[1.381s] -- Added test 'pep257' to check Python code against some of the style conventions in PEP 257
[1.477s] -- Added test 'uncrustify' to check C / C++ code style
[1.478s] -- Configured uncrustify additional arguments: 
[1.490s] -- Added test 'xmllint' to check XML markup files
[1.493s] -- Configuring done
[1.642s] -- Generating done
[1.643s] -- Build files have been written to: /home/mantus/kol_bot/ros2_orb_slam/ros2_orb_slam/build/ros2_orb_slam
[1.670s] [35m[1mScanning dependencies of target mono[0m
[1.702s] [ 50%] Built target slam
[1.765s] [ 66%] [32mBuilding CXX object CMakeFiles/mono.dir/src/mono.cpp.o[0m
[1.765s] [ 83%] [32mBuilding CXX object CMakeFiles/mono.dir/src/mono_slam-node.cpp.o[0m
[1.775s] [01m[K/home/mantus/kol_bot/ros2_orb_slam/ros2_orb_slam/src/mono_slam-node.cpp:1:10:[m[K [01;31m[Kfatal error: [m[Kmono-slam-node.hpp: No such file or directory
[1.776s]     1 | #include [01;31m[K"mono-slam-node.hpp"[m[K
[1.776s]       |          [01;31m[K^~~~~~~~~~~~~~~~~~~~[m[K
[1.776s] compilation terminated.
[1.776s] make[2]: *** [CMakeFiles/mono.dir/build.make:76: CMakeFiles/mono.dir/src/mono_slam-node.cpp.o] Error 1
[1.776s] make[2]: *** Waiting for unfinished jobs....
[1.855s] [01m[K/home/mantus/kol_bot/ros2_orb_slam/ros2_orb_slam/src/mono.cpp:7:10:[m[K [01;31m[Kfatal error: [m[Kmono-slam-node.hpp: No such file or directory
[1.856s]     7 | #include [01;31m[K"mono-slam-node.hpp"[m[K
[1.856s]       |          [01;31m[K^~~~~~~~~~~~~~~~~~~~[m[K
[1.856s] compilation terminated.
[1.858s] make[2]: *** [CMakeFiles/mono.dir/build.make:63: CMakeFiles/mono.dir/src/mono.cpp.o] Error 1
[1.858s] make[1]: *** [CMakeFiles/Makefile2:80: CMakeFiles/mono.dir/all] Error 2
[1.858s] make: *** [Makefile:141: all] Error 2
[1.866s] Invoked command in '/home/mantus/kol_bot/ros2_orb_slam/ros2_orb_slam/build/ros2_orb_slam' returned '2': CMAKE_PREFIX_PATH=/opt/ros/foxy:${CMAKE_PREFIX_PATH} /home/mantus/.local/bin/cmake --build /home/mantus/kol_bot/ros2_orb_slam/ros2_orb_slam/build/ros2_orb_slam -- -j16 -l16
