[0.011s] Invoking command in '/home/mantus/kol_bot/ros2_orb_slam/ros2_orb_slam/build/ros2_orb_slam': CMAKE_PREFIX_PATH=${CMAKE_PREFIX_PATH}:/opt/ros/foxy /usr/bin/cmake --build /home/mantus/kol_bot/ros2_orb_slam/ros2_orb_slam/build/ros2_orb_slam -- -j16 -l16
[0.039s] -- Found ament_cmake: 0.9.11 (/opt/ros/foxy/share/ament_cmake/cmake)
[0.057s] -- Using PYTHON_EXECUTABLE: /usr/bin/python3
[0.201s] -- Found rclcpp: 2.4.2 (/opt/ros/foxy/share/rclcpp/cmake)
[0.225s] -- Using all available rosidl_typesupport_c: rosidl_typesupport_fastrtps_c;rosidl_typesupport_introspection_c
[0.227s] -- Found rosidl_adapter: 1.3.0 (/opt/ros/foxy/share/rosidl_adapter/cmake)
[0.317s] -- Using all available rosidl_typesupport_cpp: rosidl_typesupport_fastrtps_cpp;rosidl_typesupport_introspection_cpp
[0.350s] -- Found rmw_implementation_cmake: 1.0.3 (/opt/ros/foxy/share/rmw_implementation_cmake/cmake)
[0.351s] -- Using RMW implementation 'rmw_fastrtps_cpp' as default
[0.451s] -- Found sensor_msgs: 2.0.5 (/opt/ros/foxy/share/sensor_msgs/cmake)
[0.528s] -- Found cv_bridge: 3.0.7 (/opt/ros/foxy/share/cv_bridge/cmake)
[0.546s] -- Found message_filters: 3.2.5 (/opt/ros/foxy/share/message_filters/cmake)
[0.547s] -- Found tf2_ros: 0.13.13 (/opt/ros/foxy/share/tf2_ros/cmake)
[0.770s] -- Found image_transport: 2.4.0 (/opt/ros/foxy/share/image_transport/cmake)
[0.811s] -- Found ament_lint_auto: 0.9.7 (/opt/ros/foxy/share/ament_lint_auto/cmake)
[0.856s] -- Added test 'copyright' to check source files copyright and LICENSE
[0.916s] -- Added test 'cppcheck' to perform static code analysis on C / C++ code
[0.916s] -- Configured cppcheck include dirs: /home/mantus/kol_bot/ros2_orb_slam/ros2_orb_slam/Eigen;/home/mantus/kol_bot/ros2_orb_slam/ros2_orb_slam/ORB_SLAM3;/home/mantus/kol_bot/ros2_orb_slam/ros2_orb_slam/ORB_SLAM3/include;/home/mantus/kol_bot/ros2_orb_slam/ros2_orb_slam/ORB_SLAM3/include/CameraModels;/home/mantus/kol_bot/ros2_orb_slam/ros2_orb_slam/ORB_SLAM3/Thirdparty/Sophus
[0.916s] -- Configured cppcheck exclude dirs and/or files: 
[0.978s] -- Added test 'cpplint' to check C / C++ code against the Google style
[0.978s] -- Configured cpplint exclude dirs and/or files: 
[0.991s] -- Added test 'flake8' to check Python code syntax and style conventions
[1.005s] -- Added test 'lint_cmake' to check CMake code style
[1.012s] -- Added test 'pep257' to check Python code against some of the style conventions in PEP 257
[1.070s] -- Added test 'uncrustify' to check C / C++ code style
[1.070s] -- Configured uncrustify additional arguments: 
[1.077s] -- Added test 'xmllint' to check XML markup files
[1.079s] -- Configuring done
[1.147s] -- Generating done
[1.148s] -- Build files have been written to: /home/mantus/kol_bot/ros2_orb_slam/ros2_orb_slam/build/ros2_orb_slam
[1.204s] [ 33%] [32m[1mLinking CXX executable slam[0m
[1.588s] /usr/bin/ld: cannot find -l../ORB_SLAM3/lib/libORB_SLAM3.so
[1.588s] /usr/bin/ld: cannot find -l../ORB_SLAM3/Thirdparty/DBoW2/lib/libDBoW2.so
[1.588s] /usr/bin/ld: cannot find -l../ORB_SLAM3/Thirdparty/g2o/lib/libg2o.so
[1.588s] /usr/bin/ld: cannot find -l../ORB_SLAM3/lib/libORB_SLAM3.so
[1.588s] /usr/bin/ld: cannot find -l../ORB_SLAM3/Thirdparty/DBoW2/lib/libDBoW2.so
[1.588s] /usr/bin/ld: cannot find -l../ORB_SLAM3/Thirdparty/g2o/lib/libg2o.so
[1.598s] collect2: error: ld returned 1 exit status
[1.603s] make[2]: *** [CMakeFiles/slam.dir/build.make:503: slam] Error 1
[1.604s] make[1]: *** [CMakeFiles/Makefile2:78: CMakeFiles/slam.dir/all] Error 2
[1.605s] make: *** [Makefile:141: all] Error 2
[1.610s] Invoked command in '/home/mantus/kol_bot/ros2_orb_slam/ros2_orb_slam/build/ros2_orb_slam' returned '2': CMAKE_PREFIX_PATH=${CMAKE_PREFIX_PATH}:/opt/ros/foxy /usr/bin/cmake --build /home/mantus/kol_bot/ros2_orb_slam/ros2_orb_slam/build/ros2_orb_slam -- -j16 -l16
